<?xml version="1.0" encoding="UTF-8"?>
<!-- Generated by org.testng.reporters.JUnitReportReporter -->
<testsuite hostname="devis-mbp.lan" failures="0" tests="1" name="CreateAccountFunctionality" time="5.678" errors="0" timestamp="22 Nov 2020 14:04:44 GMT" skipped="0">
  <testcase classname="CreateAccountFunctionality" name="AccountsTab_TC08" time="5.678"/>
</testsuite> <!-- CreateAccountFunctionality -->
